0 info it worked if it ends with ok
1 verbose cli [ '/Users/Glyne/.nvm/versions/node/v6.2.2/bin/node',
1 verbose cli   '/Users/Glyne/.nvm/versions/node/v6.2.2/bin/npm',
1 verbose cli   'start' ]
2 info using npm@3.10.8
3 info using node@v6.2.2
4 verbose run-script [ 'prestart', 'start', 'poststart' ]
5 info lifecycle node_site@0.0.0~prestart: node_site@0.0.0
6 silly lifecycle node_site@0.0.0~prestart: no script for prestart, continuing
7 info lifecycle node_site@0.0.0~start: node_site@0.0.0
8 verbose lifecycle node_site@0.0.0~start: unsafe-perm in lifecycle true
9 verbose lifecycle node_site@0.0.0~start: PATH: /Users/Glyne/.nvm/versions/node/v6.2.2/lib/node_modules/npm/bin/node-gyp-bin:/Users/Glyne/Dropbox/random_code/node_site/node_modules/.bin:/Users/Glyne/.nvm/versions/node/v6.2.2/bin:/usr/local/bin:/usr/local/sbin:/Users/Glyne/.cargo/bin:/Users/Glyne/.rvm/gems/ruby-2.2.1/bin:/Users/Glyne/.rvm/gems/ruby-2.2.1@global/bin:/Users/Glyne/.rvm/rubies/ruby-2.2.1/bin:/Library/Frameworks/Python.framework/Versions/3.5/bin:/usr/local/bin:/usr/bin:/bin:/usr/sbin:/sbin:/opt/X11/bin:/usr/local/git/bin:/usr/local/go/bin:/Library/Frameworks/Mono.framework/Versions/Current/Commands:/Applications/Postgres.app/Contents/Versions/9.4/bin:/Users/Glyne/.rvm/bin:/Users/Glyne/.rvm/bin
10 verbose lifecycle node_site@0.0.0~start: CWD: /Users/Glyne/Dropbox/random_code/node_site
11 silly lifecycle node_site@0.0.0~start: Args: [ '-c', 'node ./bin/www' ]
12 silly lifecycle node_site@0.0.0~start: Returned: code: 1  signal: null
13 info lifecycle node_site@0.0.0~start: Failed to exec start script
14 verbose stack Error: node_site@0.0.0 start: `node ./bin/www`
14 verbose stack Exit status 1
14 verbose stack     at EventEmitter.<anonymous> (/Users/Glyne/.nvm/versions/node/v6.2.2/lib/node_modules/npm/lib/utils/lifecycle.js:255:16)
14 verbose stack     at emitTwo (events.js:106:13)
14 verbose stack     at EventEmitter.emit (events.js:191:7)
14 verbose stack     at ChildProcess.<anonymous> (/Users/Glyne/.nvm/versions/node/v6.2.2/lib/node_modules/npm/lib/utils/spawn.js:40:14)
14 verbose stack     at emitTwo (events.js:106:13)
14 verbose stack     at ChildProcess.emit (events.js:191:7)
14 verbose stack     at maybeClose (internal/child_process.js:852:16)
14 verbose stack     at Process.ChildProcess._handle.onexit (internal/child_process.js:215:5)
15 verbose pkgid node_site@0.0.0
16 verbose cwd /Users/Glyne/Dropbox/random_code/node_site
17 error Darwin 15.6.0
18 error argv "/Users/Glyne/.nvm/versions/node/v6.2.2/bin/node" "/Users/Glyne/.nvm/versions/node/v6.2.2/bin/npm" "start"
19 error node v6.2.2
20 error npm  v3.10.8
21 error code ELIFECYCLE
22 error node_site@0.0.0 start: `node ./bin/www`
22 error Exit status 1
23 error Failed at the node_site@0.0.0 start script 'node ./bin/www'.
23 error Make sure you have the latest version of node.js and npm installed.
23 error If you do, this is most likely a problem with the node_site package,
23 error not with npm itself.
23 error Tell the author that this fails on your system:
23 error     node ./bin/www
23 error You can get information on how to open an issue for this project with:
23 error     npm bugs node_site
23 error Or if that isn't available, you can get their info via:
23 error     npm owner ls node_site
23 error There is likely additional logging output above.
24 verbose exit [ 1, true ]
